<?xml version="1.0" encoding="UTF-8"?>
<!-- Generated by org.testng.reporters.JUnitReportReporter -->
<testsuite hostname="LAPTOP-0B249GS5" failures="0" tests="1" name="testRunner.TestRun" time="63.194" errors="0" timestamp="2021-08-07T21:09:32 IST" skipped="0">
  <testcase classname="testRunner.TestRun" name="runScenario" time="63.194"/>
  <system-out/>
</testsuite> <!-- testRunner.TestRun -->
